Stopwatch with Productivity Timer/build/intermediates/manifest_merge_blame_file/release/manifest-merger-blame-release-report.txt
1<?xml version="1.0" encoding="utf-8"?>
2<manifest xmlns:android="http://schemas.android.com/apk/res/android"
3    package="org.hyperskill.stopwatch"
4    android:versionCode="1"
5    android:versionName="1.0" >
6
7    <uses-sdk
8        android:minSdkVersion="20"
8-->src\main\AndroidManifest.xml
9        android:targetSdkVersion="29" />
9-->src\main\AndroidManifest.xml
10
11    <uses-permission android:name="android.permission.POST_NOTIFICATIONS" />
11-->src\main\AndroidManifest.xml:4:3-74
11-->src\main\AndroidManifest.xml:4:20-72
12
13    <application
13-->src\main\AndroidManifest.xml:5:3-19:17
14        android:allowBackup="true"
14-->src\main\AndroidManifest.xml:6:7-33
15        android:appComponentFactory="androidx.core.app.CoreComponentFactory"
15-->[androidx.core:core:1.6.0] AndroidManifest.xml:24:18-86
16        android:icon="@mipmap/ic_launcher"
16-->src\main\AndroidManifest.xml:7:7-41
17        android:label="@string/app_name"
17-->src\main\AndroidManifest.xml:8:7-39
18        android:roundIcon="@mipmap/ic_launcher_round"
18-->src\main\AndroidManifest.xml:9:7-52
19        android:supportsRtl="true"
19-->src\main\AndroidManifest.xml:10:7-33
20        android:theme="@style/AppTheme" >
20-->src\main\AndroidManifest.xml:11:7-38
21        <activity android:name="org.hyperskill.stopwatch.MainActivity" >
21-->src\main\AndroidManifest.xml:12:5-18:16
21-->src\main\AndroidManifest.xml:12:15-67
22            <intent-filter>
22-->src\main\AndroidManifest.xml:13:7-17:23
23                <action android:name="android.intent.action.MAIN" />
23-->src\main\AndroidManifest.xml:14:9-61
23-->src\main\AndroidManifest.xml:14:17-58
24
25                <category android:name="android.intent.category.LAUNCHER" />
25-->src\main\AndroidManifest.xml:16:9-69
25-->src\main\AndroidManifest.xml:16:19-66
26            </intent-filter>
27        </activity>
28    </application>
29
30</manifest>